<?xml version="1.0" encoding="UTF-8"?>
<!-- Generated by org.testng.reporters.JUnitReportReporter -->
<testsuite hostname="Manishs-MacBook-Pro.local" failures="0" tests="2" name="com.testng.demo.TestNGDemo.FirstTestCase" time="0.011" errors="0" timestamp="2023-06-26T15:50:31 IST" skipped="0">
  <testcase classname="com.testng.demo.TestNGDemo.FirstTestCase" name="test2" time="0.001"/>
  <testcase classname="com.testng.demo.TestNGDemo.FirstTestCase" name="test1" time="0.010"/>
</testsuite> <!-- com.testng.demo.TestNGDemo.FirstTestCase -->
